Determining if the pthread_create exist failed with the following output:
Change Dir: /home/hakusho/testrepo/udacity_projects/lidar/SFND_Lidar_Obstacle_Detection/build/CMakeFiles/CMakeTmp

Run Build Command:"/usr/bin/make" "cmTC_96da0/fast"
/usr/bin/make -f CMakeFiles/cmTC_96da0.dir/build.make CMakeFiles/cmTC_96da0.dir/build
make[1]: ディレクトリ '/home/hakusho/testrepo/udacity_projects/lidar/SFND_Lidar_Obstacle_Detection/build/CMakeFiles/CMakeTmp' に入ります
Building C object CMakeFiles/cmTC_96da0.dir/CheckSymbolExists.c.o
/usr/bin/cc    -o CMakeFiles/cmTC_96da0.dir/CheckSymbolExists.c.o   -c /home/hakusho/testrepo/udacity_projects/lidar/SFND_Lidar_Obstacle_Detection/build/CMakeFiles/CMakeTmp/CheckSymbolExists.c
Linking C executable cmTC_96da0
/usr/local/bin/cmake -E cmake_link_script CMakeFiles/cmTC_96da0.dir/link.txt --verbose=1
/usr/bin/cc      -rdynamic CMakeFiles/cmTC_96da0.dir/CheckSymbolExists.c.o  -o cmTC_96da0 
CMakeFiles/cmTC_96da0.dir/CheckSymbolExists.c.o: 関数 `main' 内:
CheckSymbolExists.c:(.text+0x1b): `pthread_create' に対する定義されていない参照です
collect2: error: ld returned 1 exit status
CMakeFiles/cmTC_96da0.dir/build.make:97: recipe for target 'cmTC_96da0' failed
make[1]: *** [cmTC_96da0] Error 1
make[1]: ディレクトリ '/home/hakusho/testrepo/udacity_projects/lidar/SFND_Lidar_Obstacle_Detection/build/CMakeFiles/CMakeTmp' から出ます
Makefile:126: recipe for target 'cmTC_96da0/fast' failed
make: *** [cmTC_96da0/fast] Error 2

File /home/hakusho/testrepo/udacity_projects/lidar/SFND_Lidar_Obstacle_Detection/build/CMakeFiles/CMakeTmp/CheckSymbolExists.c:
/* */
#include <pthread.h>

int main(int argc, char** argv)
{
  (void)argv;
#ifndef pthread_create
  return ((int*)(&pthread_create))[argc];
#else
  (void)argc;
  return 0;
#endif
}

Determining if the function pthread_create exists in the pthreads failed with the following output:
Change Dir: /home/hakusho/testrepo/udacity_projects/lidar/SFND_Lidar_Obstacle_Detection/build/CMakeFiles/CMakeTmp

Run Build Command:"/usr/bin/make" "cmTC_02b69/fast"
/usr/bin/make -f CMakeFiles/cmTC_02b69.dir/build.make CMakeFiles/cmTC_02b69.dir/build
make[1]: ディレクトリ '/home/hakusho/testrepo/udacity_projects/lidar/SFND_Lidar_Obstacle_Detection/build/CMakeFiles/CMakeTmp' に入ります
Building C object CMakeFiles/cmTC_02b69.dir/CheckFunctionExists.c.o
/usr/bin/cc   -DCHECK_FUNCTION_EXISTS=pthread_create   -o CMakeFiles/cmTC_02b69.dir/CheckFunctionExists.c.o   -c /usr/local/share/cmake-3.9/Modules/CheckFunctionExists.c
Linking C executable cmTC_02b69
/usr/local/bin/cmake -E cmake_link_script CMakeFiles/cmTC_02b69.dir/link.txt --verbose=1
/usr/bin/cc  -DCHECK_FUNCTION_EXISTS=pthread_create    -rdynamic CMakeFiles/cmTC_02b69.dir/CheckFunctionExists.c.o  -o cmTC_02b69 -lpthreads 
/usr/bin/ld: -lpthreads が見つかりません
collect2: error: ld returned 1 exit status
CMakeFiles/cmTC_02b69.dir/build.make:97: recipe for target 'cmTC_02b69' failed
make[1]: *** [cmTC_02b69] Error 1
make[1]: ディレクトリ '/home/hakusho/testrepo/udacity_projects/lidar/SFND_Lidar_Obstacle_Detection/build/CMakeFiles/CMakeTmp' から出ます
Makefile:126: recipe for target 'cmTC_02b69/fast' failed
make: *** [cmTC_02b69/fast] Error 2


